<?xml version="1.0" encoding="UTF-8"?>
<testsuite name="dev.expert.concurrency.RateLimiterTest" tests="7" skipped="0" failures="0" errors="0" timestamp="2026-03-03T18:06:50.374Z" hostname="Brians-MacBook-Pro.internal" time="3.094">
  <properties/>
  <testcase name="racingTasksReturnsFastestResult()" classname="dev.expert.concurrency.RateLimiterTest" time="0.043"/>
  <testcase name="[1] dev.expert.concurrency.SynchronizedRateLimiter@4cbd03e7" classname="dev.expert.concurrency.RateLimiterTest" time="0.008"/>
  <testcase name="[2] dev.expert.concurrency.StampedLockRateLimiter@7c455e96" classname="dev.expert.concurrency.RateLimiterTest" time="0.001"/>
  <testcase name="[3] dev.expert.concurrency.AtomicSchedulerRateLimiter@6dd91637" classname="dev.expert.concurrency.RateLimiterTest" time="0.001"/>
  <testcase name="[1] dev.expert.concurrency.SynchronizedRateLimiter@19569ebd" classname="dev.expert.concurrency.RateLimiterTest" time="1.005"/>
  <testcase name="[2] dev.expert.concurrency.StampedLockRateLimiter@62e6a3ec" classname="dev.expert.concurrency.RateLimiterTest" time="1.007"/>
  <testcase name="[3] dev.expert.concurrency.AtomicSchedulerRateLimiter@5754de72" classname="dev.expert.concurrency.RateLimiterTest" time="1.009"/>
  <system-out><![CDATA[]]></system-out>
  <system-err><![CDATA[]]></system-err>
</testsuite>
